- GET / 874.003
- GET /bootstrap/dist/css/bootstrap.min.css 5.639
- GET /jquery/dist/jquery.min.js 7.938
- GET /bootstrap/dist/js/bootstrap.min.js 9.154
- GET /js/signIn.js 3.493
- GET /bootstrap/dist/css/bootstrap.min.css.map 0.700
- POST /user/signIn 172.550
- GET /list 143.078
- GET /bootstrap/dist/css/bootstrap.min.css 2.114
- GET /jquery/dist/jquery.min.js 3.079
- GET /bootstrap/dist/js/bootstrap.min.js 3.079
- GET /js/list.js 3.125
- GET /bootstrap/dist/css/bootstrap.min.css.map 0.532
- GET /note/add 100.798
- GET /bootstrap/dist/css/bootstrap.min.css 1.250
- GET /jquery/dist/jquery.min.js 0.776
- GET /bootstrap/dist/js/bootstrap.min.js 0.977
- GET /js/admin.js 2.104
- GET /bootstrap/dist/css/bootstrap.min.css.map 0.805
- POST /note/save 37.612
- GET /list 98.129
- GET /bootstrap/dist/css/bootstrap.min.css 2.101
- GET /jquery/dist/jquery.min.js 2.455
- GET /bootstrap/dist/js/bootstrap.min.js 2.417
- GET /js/list.js 2.255
- GET /bootstrap/dist/css/bootstrap.min.css.map 4.283
